{
"contracts/GovernanceContract.sol":{"l":{"51":1,"52":1,"53":1,"55":1,"56":1,"57":1,"77":14,"80":13,"82":13,"83":13,"86":13,"87":13,"88":13,"89":13,"90":13,"91":13,"92":13,"93":13,"94":13,"95":13,"96":13,"97":13,"100":13,"102":13,"103":13,"108":14,"110":13,"113":13,"116":13,"117":13,"120":12,"123":11,"124":11,"127":11,"128":11,"129":9,"131":2,"134":11,"138":9,"141":9,"146":8,"150":7,"151":7,"152":7,"153":7,"157":5,"160":4,"164":4,"165":2,"167":2,"170":4,"175":0,"176":0,"177":0,"178":0,"180":0,"196":13,"197":13,"199":0,"216":10,"218":10,"219":0,"221":10,"237":1,"241":1,"245":0,"249":0,"253":0},"path":"/Users/mondweep/DxSure/DCC/contracts/contracts/GovernanceContract.sol","s":{"1":1,"2":1,"3":1,"4":14,"5":13,"6":13,"7":13,"8":13,"9":13,"10":14,"11":13,"12":13,"13":13,"14":13,"15":12,"16":11,"17":11,"18":11,"19":11,"20":9,"21":9,"22":8,"23":7,"24":7,"25":7,"26":7,"27":5,"28":4,"29":2,"30":2,"31":4,"32":0,"33":0,"34":0,"35":0,"36":13,"37":13,"38":0,"39":10,"40":10,"41":0,"42":10,"43":1,"44":1,"45":0,"46":0,"47":0},"b":{"1":[1,0],"2":[1,0],"3":[1,0],"4":[13,1],"5":[13,1],"6":[13,0],"7":[13,0],"8":[12,1],"9":[11,1],"10":[11,0],"11":[9,2],"12":[8,1],"13":[7,1],"14":[7,0],"15":[5,2],"16":[4,1],"17":[2,0],"18":[0,0],"19":[0,0],"20":[0,0],"21":[0,0],"22":[13,0],"23":[0,10]},"f":{"1":1,"2":14,"3":14,"4":9,"5":0,"6":13,"7":10,"8":1,"9":1,"10":0,"11":0,"12":0},"fnMap":{"1":{"name":"constructor","line":50,"loc":{"start":{"line":45,"column":4},"end":{"line":60,"column":4}}},"2":{"name":"createProposal","line":69,"loc":{"start":{"line":69,"column":4},"end":{"line":104,"column":4}}},"3":{"name":"vote","line":106,"loc":{"start":{"line":106,"column":5},"end":{"line":135,"column":4}}},"4":{"name":"executeProposal","line":137,"loc":{"start":{"line":137,"column":4},"end":{"line":171,"column":4}}},"5":{"name":"updateProposalEndTime","line":174,"loc":{"start":{"line":174,"column":4},"end":{"line":181,"column":4}}},"6":{"name":"getVotes","line":190,"loc":{"start":{"line":190,"column":4},"end":{"line":201,"column":4}}},"7":{"name":"getProposalCoreDetails","line":205,"loc":{"start":{"line":205,"column":4},"end":{"line":232,"column":4}}},"8":{"name":"getProposalTargets","line":236,"loc":{"start":{"line":236,"column":4},"end":{"line":238,"column":4}}},"9":{"name":"getProposalValues","line":240,"loc":{"start":{"line":240,"column":4},"end":{"line":242,"column":4}}},"10":{"name":"getProposalSignatures","line":244,"loc":{"start":{"line":244,"column":4},"end":{"line":246,"column":4}}},"11":{"name":"getProposalCalldatas","line":248,"loc":{"start":{"line":248,"column":4},"end":{"line":250,"column":4}}},"12":{"name":"hasVoted","line":252,"loc":{"start":{"line":252,"column":4},"end":{"line":254,"column":4}}}},"statementMap":{"1":{"start":{"line":51,"column":8},"end":{"line":51,"column":106}},"2":{"start":{"line":52,"column":8},"end":{"line":52,"column":118}},"3":{"start":{"line":53,"column":8},"end":{"line":53,"column":100}},"4":{"start":{"line":77,"column":8},"end":{"line":77,"column":106}},"5":{"start":{"line":82,"column":8},"end":{"line":82,"column":43}},"6":{"start":{"line":83,"column":8},"end":{"line":83,"column":50}},"7":{"start":{"line":86,"column":8},"end":{"line":86,"column":60}},"8":{"start":{"line":100,"column":8},"end":{"line":100,"column":125}},"9":{"start":{"line":103,"column":8},"end":{"line":103,"column":25}},"10":{"start":{"line":108,"column":8},"end":{"line":108,"column":106}},"11":{"start":{"line":110,"column":8},"end":{"line":110,"column":57}},"12":{"start":{"line":113,"column":8},"end":{"line":113,"column":77}},"13":{"start":{"line":116,"column":8},"end":{"line":116,"column":89}},"14":{"start":{"line":117,"column":8},"end":{"line":117,"column":86}},"15":{"start":{"line":120,"column":8},"end":{"line":120,"column":81}},"16":{"start":{"line":123,"column":8},"end":{"line":123,"column":49}},"17":{"start":{"line":124,"column":8},"end":{"line":124,"column":71}},"18":{"start":{"line":128,"column":8},"end":{"line":128,"column":5583}},"19":{"start":{"line":134,"column":8},"end":{"line":134,"column":63}},"20":{"start":{"line":138,"column":8},"end":{"line":138,"column":57}},"21":{"start":{"line":141,"column":8},"end":{"line":141,"column":75}},"22":{"start":{"line":146,"column":8},"end":{"line":146,"column":89}},"23":{"start":{"line":150,"column":8},"end":{"line":150,"column":70}},"24":{"start":{"line":151,"column":8},"end":{"line":151,"column":73}},"25":{"start":{"line":152,"column":8},"end":{"line":152,"column":71}},"26":{"start":{"line":153,"column":8},"end":{"line":153,"column":79}},"27":{"start":{"line":157,"column":8},"end":{"line":157,"column":94}},"28":{"start":{"line":164,"column":8},"end":{"line":164,"column":7434}},"29":{"start":{"line":165,"column":12},"end":{"line":165,"column":124}},"30":{"start":{"line":167,"column":12},"end":{"line":167,"column":68}},"31":{"start":{"line":170,"column":8},"end":{"line":170,"column":41}},"32":{"start":{"line":175,"column":8},"end":{"line":175,"column":57}},"33":{"start":{"line":176,"column":8},"end":{"line":176,"column":77}},"34":{"start":{"line":177,"column":8},"end":{"line":177,"column":75}},"35":{"start":{"line":178,"column":8},"end":{"line":178,"column":107}},"36":{"start":{"line":196,"column":8},"end":{"line":196,"column":9107}},"37":{"start":{"line":197,"column":12},"end":{"line":197,"column":20}},"38":{"start":{"line":199,"column":12},"end":{"line":199,"column":20}},"39":{"start":{"line":216,"column":8},"end":{"line":216,"column":50}},"40":{"start":{"line":218,"column":8},"end":{"line":218,"column":9857}},"41":{"start":{"line":219,"column":13},"end":{"line":219,"column":65}},"42":{"start":{"line":221,"column":8},"end":{"line":221,"column":9967}},"43":{"start":{"line":237,"column":8},"end":{"line":237,"column":44}},"44":{"start":{"line":241,"column":8},"end":{"line":241,"column":43}},"45":{"start":{"line":245,"column":8},"end":{"line":245,"column":47}},"46":{"start":{"line":249,"column":8},"end":{"line":249,"column":46}},"47":{"start":{"line":253,"column":8},"end":{"line":253,"column":52}}},"branchMap":{"1":{"line":51,"type":"if","locations":[{"start":{"line":51,"column":8},"end":{"line":51,"column":8}},{"start":{"line":51,"column":8},"end":{"line":51,"column":8}}]},"2":{"line":52,"type":"if","locations":[{"start":{"line":52,"column":8},"end":{"line":52,"column":8}},{"start":{"line":52,"column":8},"end":{"line":52,"column":8}}]},"3":{"line":53,"type":"if","locations":[{"start":{"line":53,"column":8},"end":{"line":53,"column":8}},{"start":{"line":53,"column":8},"end":{"line":53,"column":8}}]},"4":{"line":77,"type":"if","locations":[{"start":{"line":77,"column":8},"end":{"line":77,"column":8}},{"start":{"line":77,"column":8},"end":{"line":77,"column":8}}]},"5":{"line":108,"type":"if","locations":[{"start":{"line":108,"column":8},"end":{"line":108,"column":8}},{"start":{"line":108,"column":8},"end":{"line":108,"column":8}}]},"6":{"line":113,"type":"if","locations":[{"start":{"line":113,"column":8},"end":{"line":113,"column":8}},{"start":{"line":113,"column":8},"end":{"line":113,"column":8}}]},"7":{"line":116,"type":"if","locations":[{"start":{"line":116,"column":8},"end":{"line":116,"column":8}},{"start":{"line":116,"column":8},"end":{"line":116,"column":8}}]},"8":{"line":117,"type":"if","locations":[{"start":{"line":117,"column":8},"end":{"line":117,"column":8}},{"start":{"line":117,"column":8},"end":{"line":117,"column":8}}]},"9":{"line":120,"type":"if","locations":[{"start":{"line":120,"column":8},"end":{"line":120,"column":8}},{"start":{"line":120,"column":8},"end":{"line":120,"column":8}}]},"10":{"line":124,"type":"if","locations":[{"start":{"line":124,"column":8},"end":{"line":124,"column":8}},{"start":{"line":124,"column":8},"end":{"line":124,"column":8}}]},"11":{"line":128,"type":"if","locations":[{"start":{"line":128,"column":8},"end":{"line":128,"column":8}},{"start":{"line":128,"column":8},"end":{"line":128,"column":8}}]},"12":{"line":141,"type":"if","locations":[{"start":{"line":141,"column":8},"end":{"line":141,"column":8}},{"start":{"line":141,"column":8},"end":{"line":141,"column":8}}]},"13":{"line":146,"type":"if","locations":[{"start":{"line":146,"column":8},"end":{"line":146,"column":8}},{"start":{"line":146,"column":8},"end":{"line":146,"column":8}}]},"14":{"line":152,"type":"if","locations":[{"start":{"line":152,"column":8},"end":{"line":152,"column":8}},{"start":{"line":152,"column":8},"end":{"line":152,"column":8}}]},"15":{"line":153,"type":"if","locations":[{"start":{"line":153,"column":8},"end":{"line":153,"column":8}},{"start":{"line":153,"column":8},"end":{"line":153,"column":8}}]},"16":{"line":157,"type":"if","locations":[{"start":{"line":157,"column":8},"end":{"line":157,"column":8}},{"start":{"line":157,"column":8},"end":{"line":157,"column":8}}]},"17":{"line":167,"type":"if","locations":[{"start":{"line":167,"column":12},"end":{"line":167,"column":12}},{"start":{"line":167,"column":12},"end":{"line":167,"column":12}}]},"18":{"line":174,"type":"if","locations":[{"start":{"line":174,"column":82},"end":{"line":174,"column":82}},{"start":{"line":174,"column":82},"end":{"line":174,"column":82}}]},"19":{"line":176,"type":"if","locations":[{"start":{"line":176,"column":8},"end":{"line":176,"column":8}},{"start":{"line":176,"column":8},"end":{"line":176,"column":8}}]},"20":{"line":177,"type":"if","locations":[{"start":{"line":177,"column":8},"end":{"line":177,"column":8}},{"start":{"line":177,"column":8},"end":{"line":177,"column":8}}]},"21":{"line":178,"type":"if","locations":[{"start":{"line":178,"column":8},"end":{"line":178,"column":8}},{"start":{"line":178,"column":8},"end":{"line":178,"column":8}}]},"22":{"line":196,"type":"if","locations":[{"start":{"line":196,"column":8},"end":{"line":196,"column":8}},{"start":{"line":196,"column":8},"end":{"line":196,"column":8}}]},"23":{"line":218,"type":"if","locations":[{"start":{"line":218,"column":8},"end":{"line":218,"column":8}},{"start":{"line":218,"column":8},"end":{"line":218,"column":8}}]}}},
"contracts/IncomeManagementContract.sol":{"l":{"28":2,"29":2,"30":2,"31":2,"40":4,"49":1,"50":1,"51":1,"52":1,"62":2,"73":1,"74":1,"77":1,"78":1,"83":1,"84":1,"87":1,"90":1,"93":1,"94":1},"path":"/Users/mondweep/DxSure/DCC/contracts/contracts/IncomeManagementContract.sol","s":{"1":2,"2":2,"3":4,"4":1,"5":1,"6":1,"7":1,"8":1,"9":1,"10":1,"11":1,"12":1,"13":1,"14":1,"15":1,"16":1},"b":{"1":[2,0],"2":[2,0],"3":[1,0],"4":[1,0],"5":[1,0],"6":[1,0],"7":[1,0],"8":[1,0],"9":[1,0],"10":[1,0],"11":[1,0]},"f":{"1":2,"2":4,"3":1,"4":1},"fnMap":{"1":{"name":"constructor","line":27,"loc":{"start":{"line":23,"column":4},"end":{"line":32,"column":4}}},"2":{"name":"getCompanyIncomePercentage","line":39,"loc":{"start":{"line":39,"column":4},"end":{"line":41,"column":4}}},"3":{"name":"setCompanyIncomePercentage","line":48,"loc":{"start":{"line":48,"column":4},"end":{"line":53,"column":4}}},"4":{"name":"distributeIncomeForConsultant","line":72,"loc":{"start":{"line":72,"column":4},"end":{"line":98,"column":4}}}},"statementMap":{"1":{"start":{"line":28,"column":8},"end":{"line":28,"column":113}},"2":{"start":{"line":29,"column":8},"end":{"line":29,"column":100}},"3":{"start":{"line":40,"column":8},"end":{"line":40,"column":38}},"4":{"start":{"line":49,"column":8},"end":{"line":49,"column":92}},"5":{"start":{"line":50,"column":8},"end":{"line":50,"column":55}},"6":{"start":{"line":52,"column":8},"end":{"line":52,"column":70}},"7":{"start":{"line":73,"column":8},"end":{"line":73,"column":82}},"8":{"start":{"line":74,"column":8},"end":{"line":74,"column":72}},"9":{"start":{"line":77,"column":8},"end":{"line":77,"column":89}},"10":{"start":{"line":78,"column":8},"end":{"line":78,"column":77}},"11":{"start":{"line":83,"column":8},"end":{"line":83,"column":107}},"12":{"start":{"line":84,"column":8},"end":{"line":84,"column":122}},"13":{"start":{"line":87,"column":8},"end":{"line":87,"column":97}},"14":{"start":{"line":90,"column":8},"end":{"line":90,"column":127}},"15":{"start":{"line":93,"column":8},"end":{"line":93,"column":71}},"16":{"start":{"line":94,"column":8},"end":{"line":94,"column":64}}},"branchMap":{"1":{"line":28,"type":"if","locations":[{"start":{"line":28,"column":8},"end":{"line":28,"column":8}},{"start":{"line":28,"column":8},"end":{"line":28,"column":8}}]},"2":{"line":29,"type":"if","locations":[{"start":{"line":29,"column":8},"end":{"line":29,"column":8}},{"start":{"line":29,"column":8},"end":{"line":29,"column":8}}]},"3":{"line":48,"type":"if","locations":[{"start":{"line":48,"column":71},"end":{"line":48,"column":71}},{"start":{"line":48,"column":71},"end":{"line":48,"column":71}}]},"4":{"line":49,"type":"if","locations":[{"start":{"line":49,"column":8},"end":{"line":49,"column":8}},{"start":{"line":49,"column":8},"end":{"line":49,"column":8}}]},"5":{"line":72,"type":"if","locations":[{"start":{"line":72,"column":97},"end":{"line":72,"column":97}},{"start":{"line":72,"column":97},"end":{"line":72,"column":97}}]},"6":{"line":73,"type":"if","locations":[{"start":{"line":73,"column":8},"end":{"line":73,"column":8}},{"start":{"line":73,"column":8},"end":{"line":73,"column":8}}]},"7":{"line":74,"type":"if","locations":[{"start":{"line":74,"column":8},"end":{"line":74,"column":8}},{"start":{"line":74,"column":8},"end":{"line":74,"column":8}}]},"8":{"line":78,"type":"if","locations":[{"start":{"line":78,"column":8},"end":{"line":78,"column":8}},{"start":{"line":78,"column":8},"end":{"line":78,"column":8}}]},"9":{"line":83,"type":"if","locations":[{"start":{"line":83,"column":8},"end":{"line":83,"column":8}},{"start":{"line":83,"column":8},"end":{"line":83,"column":8}}]},"10":{"line":90,"type":"if","locations":[{"start":{"line":90,"column":8},"end":{"line":90,"column":8}},{"start":{"line":90,"column":8},"end":{"line":90,"column":8}}]},"11":{"line":94,"type":"if","locations":[{"start":{"line":94,"column":8},"end":{"line":94,"column":8}},{"start":{"line":94,"column":8},"end":{"line":94,"column":8}}]}}},
"contracts/Lock.sol":{"l":{"14":2,"19":1,"20":1,"27":5,"28":4,"30":3,"32":3},"path":"/Users/mondweep/DxSure/DCC/contracts/contracts/Lock.sol","s":{"1":2,"2":5,"3":4,"4":3,"5":3},"b":{"1":[1,1],"2":[4,1],"3":[3,1]},"f":{"1":2,"2":5},"fnMap":{"1":{"name":"constructor","line":13,"loc":{"start":{"line":13,"column":4},"end":{"line":21,"column":4}}},"2":{"name":"withdraw","line":23,"loc":{"start":{"line":23,"column":4},"end":{"line":33,"column":4}}}},"statementMap":{"1":{"start":{"line":14,"column":8},"end":{"line":14,"column":328}},"2":{"start":{"line":27,"column":8},"end":{"line":27,"column":71}},"3":{"start":{"line":28,"column":8},"end":{"line":28,"column":59}},"4":{"start":{"line":30,"column":8},"end":{"line":30,"column":63}},"5":{"start":{"line":32,"column":8},"end":{"line":32,"column":44}}},"branchMap":{"1":{"line":14,"type":"if","locations":[{"start":{"line":14,"column":8},"end":{"line":14,"column":8}},{"start":{"line":14,"column":8},"end":{"line":14,"column":8}}]},"2":{"line":27,"type":"if","locations":[{"start":{"line":27,"column":8},"end":{"line":27,"column":8}},{"start":{"line":27,"column":8},"end":{"line":27,"column":8}}]},"3":{"line":28,"type":"if","locations":[{"start":{"line":28,"column":8},"end":{"line":28,"column":8}},{"start":{"line":28,"column":8},"end":{"line":28,"column":8}}]}}},
"contracts/MembershipContract.sol":{"l":{"28":2,"29":2,"30":2,"31":2,"32":2,"33":2,"39":49,"48":6,"57":4,"58":4,"59":4,"70":7,"72":6,"74":6,"75":6,"76":6,"84":4,"86":3,"88":2,"90":1,"91":1,"94":2,"95":2,"96":2,"105":8},"path":"/Users/mondweep/DxSure/DCC/contracts/contracts/MembershipContract.sol","s":{"1":2,"2":2,"3":49,"4":6,"5":4,"6":4,"7":7,"8":6,"9":6,"10":4,"11":3,"12":2,"13":1,"14":1,"15":2,"16":8},"b":{"1":[2,0],"2":[2,0],"3":[4,1],"4":[7,0],"5":[6,1],"6":[6,0],"7":[3,1],"8":[2,1],"9":[1,1],"10":[1,0]},"f":{"1":2,"2":49,"3":6,"4":4,"5":7,"6":4,"7":8},"fnMap":{"1":{"name":"constructor","line":27,"loc":{"start":{"line":27,"column":4},"end":{"line":34,"column":4}}},"2":{"name":"isVotingMember","line":37,"loc":{"start":{"line":37,"column":4},"end":{"line":40,"column":4}}},"3":{"name":"getCurrentVotingMemberEntryFee","line":47,"loc":{"start":{"line":47,"column":4},"end":{"line":49,"column":4}}},"4":{"name":"setVotingMemberEntryFee","line":56,"loc":{"start":{"line":56,"column":4},"end":{"line":60,"column":4}}},"5":{"name":"addVotingMember","line":69,"loc":{"start":{"line":69,"column":4},"end":{"line":77,"column":4}}},"6":{"name":"join","line":83,"loc":{"start":{"line":83,"column":4},"end":{"line":97,"column":4}}},"7":{"name":"getTotalVotingMembers","line":104,"loc":{"start":{"line":104,"column":4},"end":{"line":106,"column":4}}}},"statementMap":{"1":{"start":{"line":28,"column":8},"end":{"line":28,"column":92}},"2":{"start":{"line":29,"column":8},"end":{"line":29,"column":118}},"3":{"start":{"line":39,"column":8},"end":{"line":39,"column":40}},"4":{"start":{"line":48,"column":8},"end":{"line":48,"column":35}},"5":{"start":{"line":57,"column":8},"end":{"line":57,"column":45}},"6":{"start":{"line":59,"column":8},"end":{"line":59,"column":53}},"7":{"start":{"line":70,"column":8},"end":{"line":70,"column":87}},"8":{"start":{"line":72,"column":8},"end":{"line":72,"column":79}},"9":{"start":{"line":76,"column":8},"end":{"line":76,"column":39}},"10":{"start":{"line":84,"column":8},"end":{"line":84,"column":87}},"11":{"start":{"line":86,"column":8},"end":{"line":86,"column":89}},"12":{"start":{"line":88,"column":8},"end":{"line":88,"column":3877}},"13":{"start":{"line":90,"column":12},"end":{"line":90,"column":86}},"14":{"start":{"line":91,"column":12},"end":{"line":91,"column":59}},"15":{"start":{"line":96,"column":8},"end":{"line":96,"column":39}},"16":{"start":{"line":105,"column":8},"end":{"line":105,"column":33}}},"branchMap":{"1":{"line":28,"type":"if","locations":[{"start":{"line":28,"column":8},"end":{"line":28,"column":8}},{"start":{"line":28,"column":8},"end":{"line":28,"column":8}}]},"2":{"line":29,"type":"if","locations":[{"start":{"line":29,"column":8},"end":{"line":29,"column":8}},{"start":{"line":29,"column":8},"end":{"line":29,"column":8}}]},"3":{"line":56,"type":"if","locations":[{"start":{"line":56,"column":61},"end":{"line":56,"column":61}},{"start":{"line":56,"column":61},"end":{"line":56,"column":61}}]},"4":{"line":69,"type":"if","locations":[{"start":{"line":69,"column":56},"end":{"line":69,"column":56}},{"start":{"line":69,"column":56},"end":{"line":69,"column":56}}]},"5":{"line":70,"type":"if","locations":[{"start":{"line":70,"column":8},"end":{"line":70,"column":8}},{"start":{"line":70,"column":8},"end":{"line":70,"column":8}}]},"6":{"line":72,"type":"if","locations":[{"start":{"line":72,"column":8},"end":{"line":72,"column":8}},{"start":{"line":72,"column":8},"end":{"line":72,"column":8}}]},"7":{"line":84,"type":"if","locations":[{"start":{"line":84,"column":8},"end":{"line":84,"column":8}},{"start":{"line":84,"column":8},"end":{"line":84,"column":8}}]},"8":{"line":86,"type":"if","locations":[{"start":{"line":86,"column":8},"end":{"line":86,"column":8}},{"start":{"line":86,"column":8},"end":{"line":86,"column":8}}]},"9":{"line":88,"type":"if","locations":[{"start":{"line":88,"column":8},"end":{"line":88,"column":8}},{"start":{"line":88,"column":8},"end":{"line":88,"column":8}}]},"10":{"line":91,"type":"if","locations":[{"start":{"line":91,"column":12},"end":{"line":91,"column":12}},{"start":{"line":91,"column":12},"end":{"line":91,"column":12}}]}}},
"contracts/PaymentContract.sol":{"l":{"25":2,"26":2,"27":2,"32":3,"39":1,"41":1},"path":"/Users/mondweep/DxSure/DCC/contracts/contracts/PaymentContract.sol","s":{"1":2,"2":2,"3":3,"4":1,"5":1},"b":{"1":[2,1],"2":[2,0]},"f":{"1":3,"2":2,"3":3,"4":1},"fnMap":{"1":{"name":"constructor","line":17,"loc":{"start":{"line":17,"column":4},"end":{"line":19,"column":4}}},"2":{"name":"setConsultantRate","line":24,"loc":{"start":{"line":24,"column":4},"end":{"line":28,"column":4}}},"3":{"name":"getConsultantRate","line":31,"loc":{"start":{"line":31,"column":4},"end":{"line":33,"column":4}}},"4":{"name":"calculatePayout","line":38,"loc":{"start":{"line":38,"column":4},"end":{"line":42,"column":4}}}},"statementMap":{"1":{"start":{"line":25,"column":8},"end":{"line":25,"column":85}},"2":{"start":{"line":27,"column":8},"end":{"line":27,"column":48}},"3":{"start":{"line":32,"column":8},"end":{"line":32,"column":43}},"4":{"start":{"line":39,"column":8},"end":{"line":39,"column":52}},"5":{"start":{"line":41,"column":8},"end":{"line":41,"column":31}}},"branchMap":{"1":{"line":24,"type":"if","locations":[{"start":{"line":24,"column":72},"end":{"line":24,"column":72}},{"start":{"line":24,"column":72},"end":{"line":24,"column":72}}]},"2":{"line":25,"type":"if","locations":[{"start":{"line":25,"column":8},"end":{"line":25,"column":8}},{"start":{"line":25,"column":8},"end":{"line":25,"column":8}}]}}}}
