TN:
SF:/Users/mondweep/DxSure/DCC/contracts/contracts/GovernanceContract.sol
FN:50,constructor
FN:69,createProposal
FN:106,vote
FN:137,executeProposal
FN:174,updateProposalEndTime
FN:190,getVotes
FN:205,getProposalCoreDetails
FN:236,getProposalTargets
FN:240,getProposalValues
FN:244,getProposalSignatures
FN:248,getProposalCalldatas
FN:252,hasVoted
FNF:12
FNH:8
FNDA:1,constructor
FNDA:14,createProposal
FNDA:14,vote
FNDA:9,executeProposal
FNDA:0,updateProposalEndTime
FNDA:13,getVotes
FNDA:10,getProposalCoreDetails
FNDA:1,getProposalTargets
FNDA:1,getProposalValues
FNDA:0,getProposalSignatures
FNDA:0,getProposalCalldatas
FNDA:0,hasVoted
DA:51,1
DA:52,1
DA:53,1
DA:55,1
DA:56,1
DA:57,1
DA:77,14
DA:80,13
DA:82,13
DA:83,13
DA:86,13
DA:87,13
DA:88,13
DA:89,13
DA:90,13
DA:91,13
DA:92,13
DA:93,13
DA:94,13
DA:95,13
DA:96,13
DA:97,13
DA:100,13
DA:102,13
DA:103,13
DA:108,14
DA:110,13
DA:113,13
DA:116,13
DA:117,13
DA:120,12
DA:123,11
DA:124,11
DA:127,11
DA:128,11
DA:129,9
DA:131,2
DA:134,11
DA:138,9
DA:141,9
DA:146,8
DA:150,7
DA:151,7
DA:152,7
DA:153,7
DA:157,5
DA:160,4
DA:164,4
DA:165,2
DA:167,2
DA:170,4
DA:175,0
DA:176,0
DA:177,0
DA:178,0
DA:180,0
DA:196,13
DA:197,13
DA:199,0
DA:216,10
DA:218,10
DA:219,0
DA:221,10
DA:237,1
DA:241,1
DA:245,0
DA:249,0
DA:253,0
LF:68
LH:58
BRDA:51,1,0,1
BRDA:51,1,1,0
BRDA:52,2,0,1
BRDA:52,2,1,0
BRDA:53,3,0,1
BRDA:53,3,1,0
BRDA:77,4,0,13
BRDA:77,4,1,1
BRDA:108,5,0,13
BRDA:108,5,1,1
BRDA:113,6,0,13
BRDA:113,6,1,0
BRDA:116,7,0,13
BRDA:116,7,1,0
BRDA:117,8,0,12
BRDA:117,8,1,1
BRDA:120,9,0,11
BRDA:120,9,1,1
BRDA:124,10,0,11
BRDA:124,10,1,0
BRDA:128,11,0,9
BRDA:128,11,1,2
BRDA:141,12,0,8
BRDA:141,12,1,1
BRDA:146,13,0,7
BRDA:146,13,1,1
BRDA:152,14,0,7
BRDA:152,14,1,0
BRDA:153,15,0,5
BRDA:153,15,1,2
BRDA:157,16,0,4
BRDA:157,16,1,1
BRDA:167,17,0,2
BRDA:167,17,1,0
BRDA:174,18,0,0
BRDA:174,18,1,0
BRDA:176,19,0,0
BRDA:176,19,1,0
BRDA:177,20,0,0
BRDA:177,20,1,0
BRDA:178,21,0,0
BRDA:178,21,1,0
BRDA:196,22,0,13
BRDA:196,22,1,0
BRDA:218,23,0,0
BRDA:218,23,1,10
BRF:46
BRH:28
end_of_record
TN:
SF:/Users/mondweep/DxSure/DCC/contracts/contracts/IncomeManagementContract.sol
FN:27,constructor
FN:39,getCompanyIncomePercentage
FN:48,setCompanyIncomePercentage
FN:72,distributeIncomeForConsultant
FNF:4
FNH:4
FNDA:2,constructor
FNDA:4,getCompanyIncomePercentage
FNDA:1,setCompanyIncomePercentage
FNDA:1,distributeIncomeForConsultant
DA:28,2
DA:29,2
DA:30,2
DA:31,2
DA:40,4
DA:49,1
DA:50,1
DA:51,1
DA:52,1
DA:62,2
DA:73,1
DA:74,1
DA:77,1
DA:78,1
DA:83,1
DA:84,1
DA:87,1
DA:90,1
DA:93,1
DA:94,1
LF:20
LH:20
BRDA:28,1,0,2
BRDA:28,1,1,0
BRDA:29,2,0,2
BRDA:29,2,1,0
BRDA:48,3,0,1
BRDA:48,3,1,0
BRDA:49,4,0,1
BRDA:49,4,1,0
BRDA:72,5,0,1
BRDA:72,5,1,0
BRDA:73,6,0,1
BRDA:73,6,1,0
BRDA:74,7,0,1
BRDA:74,7,1,0
BRDA:78,8,0,1
BRDA:78,8,1,0
BRDA:83,9,0,1
BRDA:83,9,1,0
BRDA:90,10,0,1
BRDA:90,10,1,0
BRDA:94,11,0,1
BRDA:94,11,1,0
BRF:22
BRH:11
end_of_record
TN:
SF:/Users/mondweep/DxSure/DCC/contracts/contracts/Lock.sol
FN:13,constructor
FN:23,withdraw
FNF:2
FNH:2
FNDA:2,constructor
FNDA:5,withdraw
DA:14,2
DA:19,1
DA:20,1
DA:27,5
DA:28,4
DA:30,3
DA:32,3
LF:7
LH:7
BRDA:14,1,0,1
BRDA:14,1,1,1
BRDA:27,2,0,4
BRDA:27,2,1,1
BRDA:28,3,0,3
BRDA:28,3,1,1
BRF:6
BRH:6
end_of_record
TN:
SF:/Users/mondweep/DxSure/DCC/contracts/contracts/MembershipContract.sol
FN:27,constructor
FN:37,isVotingMember
FN:47,getCurrentVotingMemberEntryFee
FN:56,setVotingMemberEntryFee
FN:69,addVotingMember
FN:83,join
FN:104,getTotalVotingMembers
FNF:7
FNH:7
FNDA:2,constructor
FNDA:49,isVotingMember
FNDA:6,getCurrentVotingMemberEntryFee
FNDA:4,setVotingMemberEntryFee
FNDA:7,addVotingMember
FNDA:4,join
FNDA:8,getTotalVotingMembers
DA:28,2
DA:29,2
DA:30,2
DA:31,2
DA:32,2
DA:33,2
DA:39,49
DA:48,6
DA:57,4
DA:58,4
DA:59,4
DA:70,7
DA:72,6
DA:74,6
DA:75,6
DA:76,6
DA:84,4
DA:86,3
DA:88,2
DA:90,1
DA:91,1
DA:94,2
DA:95,2
DA:96,2
DA:105,8
LF:25
LH:25
BRDA:28,1,0,2
BRDA:28,1,1,0
BRDA:29,2,0,2
BRDA:29,2,1,0
BRDA:56,3,0,4
BRDA:56,3,1,1
BRDA:69,4,0,7
BRDA:69,4,1,0
BRDA:70,5,0,6
BRDA:70,5,1,1
BRDA:72,6,0,6
BRDA:72,6,1,0
BRDA:84,7,0,3
BRDA:84,7,1,1
BRDA:86,8,0,2
BRDA:86,8,1,1
BRDA:88,9,0,1
BRDA:88,9,1,1
BRDA:91,10,0,1
BRDA:91,10,1,0
BRF:20
BRH:15
end_of_record
TN:
SF:/Users/mondweep/DxSure/DCC/contracts/contracts/PaymentContract.sol
FN:17,constructor
FN:24,setConsultantRate
FN:31,getConsultantRate
FN:38,calculatePayout
FNF:4
FNH:4
FNDA:3,constructor
FNDA:2,setConsultantRate
FNDA:3,getConsultantRate
FNDA:1,calculatePayout
DA:25,2
DA:26,2
DA:27,2
DA:32,3
DA:39,1
DA:41,1
LF:6
LH:6
BRDA:24,1,0,2
BRDA:24,1,1,1
BRDA:25,2,0,2
BRDA:25,2,1,0
BRF:4
BRH:3
end_of_record
